<?xml version="1.0" encoding="UTF-8"?>
<testng-results ignored="0" total="1" passed="1" failed="0" skipped="0">
  <reporter-output>
  </reporter-output>
  <suite started-at="2024-07-05T07:32:42 IST" name="Default suite" finished-at="2024-07-05T07:32:51 IST" duration-ms="9120">
    <groups>
    </groups>
    <test started-at="2024-07-05T07:32:42 IST" name="Default test" finished-at="2024-07-05T07:32:51 IST" duration-ms="9120">
      <class name="Sign_up.TestSignUp">
        <test-method is-config="true" signature="Open()[pri:0, instance:Sign_up.TestSignUp@7526515b]" started-at="2024-07-05T07:32:42 IST" name="Open" finished-at="2024-07-05T07:32:47 IST" duration-ms="4702" status="PASS">
          <reporter-output>
          </reporter-output>
        </test-method> <!-- Open -->
        <test-method signature="test()[pri:0, instance:Sign_up.TestSignUp@7526515b]" started-at="2024-07-05T07:32:47 IST" name="test" finished-at="2024-07-05T07:32:51 IST" duration-ms="4333" status="PASS">
          <reporter-output>
          </reporter-output>
        </test-method> <!-- test -->
      </class> <!-- Sign_up.TestSignUp -->
    </test> <!-- Default test -->
  </suite> <!-- Default suite -->
</testng-results>
